2023-12-03 22:42:54,512 - [INFO] - тестовое приложение - LOGGER - (10-laba.py).<module>(13) - Программа запустилась
2023-12-03 22:43:01,676 - [INFO] - тестовое приложение - LOGGER - (10-laba.py).<module>(26) - Пользователь ввел количество чисел, равное: 7
2023-12-03 22:43:01,676 - [INFO] - тестовое приложение - LOGGER - (10-laba.py).<module>(27) - Пользователь ввел количество попыток равное: 3
2023-12-03 22:43:01,676 - [INFO] - тестовое приложение - LOGGER - (10-laba.py).<module>(29) - Компьютер сгенерировал число равное: 7
2023-12-03 22:43:03,699 - [INFO] - тестовое приложение - LOGGER - (10-laba.py).<module>(32) - Число введённое пользователем: 5
2023-12-03 22:43:03,699 - [INFO] - тестовое приложение - LOGGER - (10-laba.py).<module>(44) - Число введенное пользователем меньше сгенерированного.
2023-12-03 22:43:06,664 - [INFO] - тестовое приложение - LOGGER - (10-laba.py).<module>(32) - Число введённое пользователем: 4
2023-12-03 22:43:06,664 - [INFO] - тестовое приложение - LOGGER - (10-laba.py).<module>(44) - Число введенное пользователем меньше сгенерированного.
2023-12-03 22:43:08,192 - [INFO] - тестовое приложение - LOGGER - (10-laba.py).<module>(32) - Число введённое пользователем: 3
2023-12-03 22:43:08,192 - [INFO] - тестовое приложение - LOGGER - (10-laba.py).<module>(40) - У Пользователя больше не осталось попыток. Число не отгадано.
2023-12-03 22:43:08,192 - [INFO] - тестовое приложение - LOGGER - (10-laba.py).<module>(50) - Программа завершила работу
2023-12-03 22:43:47,095 - [INFO] - тестовое приложение - LOGGER - (10-laba.py).<module>(13) - Программа запустилась
2023-12-03 22:43:50,882 - [INFO] - тестовое приложение - LOGGER - (10-laba.py).<module>(26) - Пользователь ввел количество чисел, равное: 10
2023-12-03 22:43:50,882 - [INFO] - тестовое приложение - LOGGER - (10-laba.py).<module>(27) - Пользователь ввел количество попыток равное: 5
2023-12-03 22:43:50,882 - [INFO] - тестовое приложение - LOGGER - (10-laba.py).<module>(29) - Компьютер сгенерировал число равное: 6
2023-12-03 22:43:52,778 - [INFO] - тестовое приложение - LOGGER - (10-laba.py).<module>(32) - Число введённое пользователем: 5
2023-12-03 22:43:52,780 - [INFO] - тестовое приложение - LOGGER - (10-laba.py).<module>(44) - Число введенное пользователем меньше сгенерированного.
2023-12-03 22:43:55,650 - [INFO] - тестовое приложение - LOGGER - (10-laba.py).<module>(32) - Число введённое пользователем: 7
2023-12-03 22:43:55,650 - [INFO] - тестовое приложение - LOGGER - (10-laba.py).<module>(47) - Число введенное пользователем больше сгенерированного.
2023-12-03 22:43:58,900 - [INFO] - тестовое приложение - LOGGER - (10-laba.py).<module>(32) - Число введённое пользователем: 6
2023-12-03 22:43:58,900 - [INFO] - тестовое приложение - LOGGER - (10-laba.py).<module>(35) - Пользователь отгадал число
2023-12-03 22:43:58,900 - [INFO] - тестовое приложение - LOGGER - (10-laba.py).<module>(50) - Программа завершила работу
